<?xml version="1.0" encoding="utf-8" standalone="no"?>
<!--This file represents the results of running a test suite-->
<test-results name="C:\Documents and Settings\mellinja\SQA-Tower-Defense\TDGAME\SQA_Tower_Defense\ClassLibrary1\ClassTests.csproj" total="1" errors="0" failures="0" not-run="0" inconclusive="0" ignored="0" skipped="0" invalid="0" date="2011-05-16" time="18:56:12">
  <environment nunit-version="2.5.9.10348" clr-version="2.0.50727.3620" os-version="Microsoft Windows NT 5.1.2600 Service Pack 3" platform="Win32NT" cwd="C:\Documents and Settings\mellinja\SQA-Tower-Defense\TDGAME\SQA_Tower_Defense\ClassLibrary1" machine-name="MELLINJA-1" user="mellinja" user-domain="MELLINJA-1" />
  <culture-info current-culture="en-US" current-uiculture="en-US" />
  <test-suite type="Project" name="C:\Documents and Settings\mellinja\SQA-Tower-Defense\TDGAME\SQA_Tower_Defense\ClassLibrary1\ClassTests.csproj" executed="True" result="Success" success="True" time="0.031" asserts="0">
    <results>
      <test-suite type="Assembly" name="C:\Documents and Settings\mellinja\SQA-Tower-Defense\TDGAME\SQA_Tower_Defense\ClassLibrary1\bin\Debug\ClassLibrary1.dll" executed="True" result="Success" success="True" time="0.016" asserts="0">
        <results>
          <test-suite type="Namespace" name="ClassTests" executed="True" result="Success" success="True" time="0.016" asserts="0">
            <results>
              <test-suite type="TestFixture" name="LanguageManagerTests" executed="True" result="Success" success="True" time="0.000" asserts="0">
                <results>
                  <test-case name="ClassTests.LanguageManagerTests.IsHello" executed="True" result="Success" success="True" time="0.000" asserts="1" />
                </results>
              </test-suite>
            </results>
          </test-suite>
        </results>
      </test-suite>
    </results>
  </test-suite>
</test-results>