<?xml version="1.0" encoding="utf-8" standalone="no"?>
<!--This file represents the results of running a test suite-->
<test-results name="C:\Users\Andeh\Documents\Courses\CSSE376\Git\2nd Final Project Repo\SQA_Tower_Defense\SQA_Tower_Defense\SQA_Tower_Defense\SQA_Tower_Defense.csproj" total="0" errors="0" failures="0" not-run="0" inconclusive="0" ignored="0" skipped="0" invalid="0" date="2011-05-18" time="22:13:11">
  <environment nunit-version="2.5.9.10348" clr-version="2.0.50727.4959" os-version="Microsoft Windows NT 6.1.7600.0" platform="Win32NT" cwd="C:\Users\Andeh\Documents\Courses\CSSE376\Git\2nd Final Project Repo\SQA_Tower_Defense\SQA_Tower_Defense\SQA_Tower_Defense" machine-name="LOLWUT" user="Andeh" user-domain="LOLWUT" />
  <culture-info current-culture="en-US" current-uiculture="en-US" />
  <test-suite type="Project" name="C:\Users\Andeh\Documents\Courses\CSSE376\Git\2nd Final Project Repo\SQA_Tower_Defense\SQA_Tower_Defense\SQA_Tower_Defense\SQA_Tower_Defense.csproj" executed="True" result="Inconclusive" success="False" time="0.010" asserts="0">
    <results>
      <test-suite type="Assembly" name="C:\Users\Andeh\Documents\Courses\CSSE376\Git\2nd Final Project Repo\SQA_Tower_Defense\SQA_Tower_Defense\SQA_Tower_Defense\bin\x86\Debug\SQA_Tower_Defense.exe" executed="False" result="NotRunnable">
        <reason>
          <message><![CDATA[Has no TestFixtures]]></message>
        </reason>
      </test-suite>
    </results>
  </test-suite>
</test-results>